Computed on 20180117 branch master. buildAPKs
2.9M	.git
5.9M	.
Computed on 20190102 branch master.
6.7M	.git
10.0M	.
Computed on 20190104 branch master.
3.1M	.git
3.8M	.
Computed on 20190104 branch master.
1.2M	.git
1.9M	.
Computed on 20190104 branch master.
Size in KB
3.2M	.git
3.8M	.
Branch master 996f15 computed on 20190106.
Size in KB
3.0M	.git
3.7M	.
Branch master 9f6c5c computed on 20190106.
Size in KB
1.1M	.git
1.7M	.
Branch master 5966a4 computed on 20190106.
Size in KB
3.0M	.git
3.6M	.
Branch master 440a8f computed on 20190106.
Size in KB
1.1M	.git
1.7M	.
Computed on 20190106 branch master.
/data/data/com.termux/files/home/git/sdrausty/buildAPKs
Size in KB
3.8M	.git
4.6M	.
Computed on 20190106 branch master.
/data/data/com.termux/files/home/git/sdrausty/buildAPKs
Size in KB
1.5M	.git
2.4M	.
8.0K	CHANGE.log
40.0K	LICENSE
8.0K	README.md
8.0K	_config.yml
8.0K	docs
8.0K	index.md
8.0K	libs
160.0K	scripts
616.0K	sources
Computed on 20190106 branch master.
/data/data/com.termux/files/home/buildAPKs
Size in KB
3.1M	.git
3.8M	.
